Log file open, 04/08/19 23:35:17
LogWindows: Failed to load 'aqProf.dll' (GetLastError=126)
LogWindows: File 'aqProf.dll' does not exist
LogWindows: Failed to load 'VtuneApi.dll' (GetLastError=126)
LogWindows: File 'VtuneApi.dll' does not exist
LogWindows: Failed to load 'VtuneApi32e.dll' (GetLastError=126)
LogWindows: File 'VtuneApi32e.dll' does not exist
LogConsoleResponse: Display: Failed to find resolution value strings in scalability ini. Falling back to default.
LogInit: Display: Running engine for game: GroupProjRacer
LogPakFile: Registered encryption key '00000000000000000000000000000000': 0 pak files mounted, 0 remain pending
LogPlatformFile: Not using cached read wrapper
LogTaskGraph: Started task graph with 5 named threads and 23 total threads with 3 sets of task threads.
LogStats: Stats thread started at 0.308349
LogD3D11RHI: Loaded GFSDK_Aftermath_Lib.x64.dll
LogICUInternationalization: ICU TimeZone Detection - Raw Offset: -5:00, Platform Override: ''
LogPluginManager: Mounting plugin Paper2D
LogPluginManager: Mounting plugin AISupport
LogPluginManager: Mounting plugin LightPropagationVolume
LogPluginManager: Mounting plugin ActorLayerUtilities
LogPluginManager: Mounting plugin CLionSourceCodeAccess
LogPluginManager: Mounting plugin CodeLiteSourceCodeAccess
LogPluginManager: Mounting plugin GitSourceControl
LogPluginManager: Mounting plugin KDevelopSourceCodeAccess
LogPluginManager: Mounting plugin NullSourceCodeAccess
LogPluginManager: Mounting plugin PerforceSourceControl
LogPluginManager: Mounting plugin SubversionSourceControl
LogPluginManager: Mounting plugin UObjectPlugin
LogPluginManager: Mounting plugin VisualStudioCodeSourceCodeAccess
LogPluginManager: Mounting plugin VisualStudioSourceCodeAccess
LogPluginManager: Mounting plugin XCodeSourceCodeAccess
LogPluginManager: Mounting plugin AssetManagerEditor
LogPluginManager: Mounting plugin CryptoKeys
LogPluginManager: Mounting plugin DataValidation
LogPluginManager: Mounting plugin FacialAnimation
LogPluginManager: Mounting plugin GameplayTagsEditor
LogPluginManager: Mounting plugin MacGraphicsSwitching
LogPluginManager: Mounting plugin MeshEditor
LogPluginManager: Mounting plugin MobileLauncherProfileWizard
LogPluginManager: Mounting plugin PluginBrowser
LogPluginManager: Mounting plugin SpeedTreeImporter
LogPluginManager: Mounting plugin DatasmithContent
LogPluginManager: Mounting plugin VariantManagerContent
LogPluginManager: Mounting plugin AlembicImporter
LogPluginManager: Mounting plugin AppleImageUtils
LogPluginManager: Mounting plugin AppleVision
LogPluginManager: Mounting plugin BackChannel
LogPluginManager: Mounting plugin CharacterAI
LogPluginManager: Mounting plugin GeometryCache
LogPluginManager: Mounting plugin HTML5Networking
LogPluginManager: Mounting plugin ProxyLODPlugin
LogPluginManager: Mounting plugin MagicLeap
LogPluginManager: Mounting plugin MagicLeapMedia
LogPluginManager: Mounting plugin AndroidMedia
LogPluginManager: Mounting plugin AvfMedia
LogPluginManager: Mounting plugin ImgMedia
LogPluginManager: Mounting plugin LinearTimecode
LogPluginManager: Mounting plugin MediaCompositing
LogPluginManager: Mounting plugin MediaPlayerEditor
LogPluginManager: Mounting plugin WebMMedia
LogPluginManager: Mounting plugin WmfMedia
LogPluginManager: Mounting plugin TcpMessaging
LogPluginManager: Mounting plugin UdpMessaging
LogPluginManager: Mounting plugin ActorSequence
LogPluginManager: Mounting plugin LevelSequenceEditor
LogPluginManager: Mounting plugin MatineeToLevelSequence
LogPluginManager: Mounting plugin NetcodeUnitTest
LogPluginManager: Mounting plugin NUTUnrealEngine4
LogPluginManager: Mounting plugin OnlineSubsystemGooglePlay
LogPluginManager: Mounting plugin OnlineSubsystemIOS
LogPluginManager: Mounting plugin OnlineSubsystem
LogPluginManager: Mounting plugin OnlineSubsystemNull
LogPluginManager: Mounting plugin OnlineSubsystemUtils
LogPluginManager: Mounting plugin LauncherChunkInstaller
LogPluginManager: Mounting plugin AndroidDeviceProfileSelector
LogPluginManager: Mounting plugin AndroidMoviePlayer
LogPluginManager: Mounting plugin AndroidPermission
LogPluginManager: Mounting plugin AppleMoviePlayer
LogPluginManager: Mounting plugin ArchVisCharacter
LogPluginManager: Mounting plugin AudioCapture
LogPluginManager: Mounting plugin CableComponent
LogPluginManager: Mounting plugin CustomMeshComponent
LogPluginManager: Mounting plugin EditableMesh
LogPluginManager: Mounting plugin ExampleDeviceProfileSelector
LogPluginManager: Mounting plugin Firebase
LogPluginManager: Mounting plugin GoogleCloudMessaging
LogPluginManager: Mounting plugin IOSDeviceProfileSelector
LogPluginManager: Mounting plugin LinuxDeviceProfileSelector
LogPluginManager: Mounting plugin LocationServicesBPLibrary
LogPluginManager: Mounting plugin MobilePatchingUtils
LogPluginManager: Mounting plugin OculusVR
LogPluginManager: Mounting plugin PhysXVehicles
LogPluginManager: Mounting plugin ProceduralMeshComponent
LogPluginManager: Mounting plugin RuntimePhysXCooking
LogPluginManager: Mounting plugin SteamVR
LogPluginManager: Mounting plugin WebMMoviePlayer
LogPluginManager: Mounting plugin WindowsMoviePlayer
LogStreaming: Display: Took  0.122s to configure plugins.
LogInit: Using libcurl 7.55.1-DEV
LogInit:  - built for x86_64-pc-win32
LogInit:  - supports SSL with OpenSSL/1.0.2h
LogInit:  - supports HTTP deflate (compression) using libz 1.2.8
LogInit:  - other features:
LogInit:      CURL_VERSION_SSL
LogInit:      CURL_VERSION_LIBZ
LogInit:      CURL_VERSION_IPV6
LogInit:      CURL_VERSION_ASYNCHDNS
LogInit:      CURL_VERSION_LARGEFILE
LogInit:      CURL_VERSION_IDN
LogInit:  CurlRequestOptions (configurable via config and command line):
LogInit:  - bVerifyPeer = true  - Libcurl will verify peer certificate
LogInit:  - bUseHttpProxy = false  - Libcurl will NOT use HTTP proxy
LogInit:  - bDontReuseConnections = false  - Libcurl will reuse connections
LogInit:  - MaxHostConnections = 16  - Libcurl will limit the number of connections to a host
LogInit:  - LocalHostAddr = Default
LogInit:  - BufferSize = 65536
LogInit: WinSock: version 1.1 (2.2), MaxSocks=32767, MaxUdp=65467
LogInit: Build: ++UE4+Release-4.21-CL-4753647
LogInit: Engine Version: 4.21.2-4753647+++UE4+Release-4.21
LogInit: Compatible Engine Version: 4.21.0-4541578+++UE4+Release-4.21
LogInit: Net CL: 4541578
LogInit: OS: Windows 10 (), CPU: Intel(R) Core(TM) i7-4790K CPU @ 4.00GHz, GPU: NVIDIA GeForce GTX 960
LogInit: Compiled (64-bit): Jan 19 2019 02:07:31
LogInit: Compiled with Visual C++: 19.13.26129.00
LogInit: Build Configuration: Development
LogInit: Branch Name: ++UE4+Release-4.21
LogInit: Command Line:  -EpicPortal -epicusername=byteyoo -epicuserid=6c53801b826a49c1b7f1b3c944e2a5ed -epiclocale=en-US
LogInit: Base Directory: C:/Program Files/Epic Games/UE_4.21/Engine/Binaries/Win64/
LogInit: Installed Engine Build: 1
LogDevObjectVersion: Number of dev versions registered: 22
LogDevObjectVersion:   Dev-Blueprints (B0D832E4-1F89-4F0D-ACCF-7EB736FD4AA2): 10
LogDevObjectVersion:   Dev-Build (E1C64328-A22C-4D53-A36C-8E866417BD8C): 0
LogDevObjectVersion:   Dev-Core (375EC13C-06E4-48FB-B500-84F0262A717E): 2
LogDevObjectVersion:   Dev-Editor (E4B068ED-F494-42E9-A231-DA0B2E46BB41): 26
LogDevObjectVersion:   Dev-Framework (CFFC743F-43B0-4480-9391-14DF171D2073): 34
LogDevObjectVersion:   Dev-Mobile (B02B49B5-BB20-44E9-A304-32B752E40360): 2
LogDevObjectVersion:   Dev-Networking (A4E4105C-59A1-49B5-A7C5-40C4547EDFEE): 0
LogDevObjectVersion:   Dev-Online (39C831C9-5AE6-47DC-9A44-9C173E1C8E7C): 0
LogDevObjectVersion:   Dev-Physics (78F01B33-EBEA-4F98-B9B4-84EACCB95AA2): 0
LogDevObjectVersion:   Dev-Platform (6631380F-2D4D-43E0-8009-CF276956A95A): 0
LogDevObjectVersion:   Dev-Rendering (12F88B9F-8875-4AFC-A67C-D90C383ABD29): 27
LogDevObjectVersion:   Dev-Sequencer (7B5AE74C-D270-4C10-A958-57980B212A5A): 9
LogDevObjectVersion:   Dev-VR (D7296918-1DD6-4BDD-9DE2-64A83CC13884): 2
LogDevObjectVersion:   Dev-LoadTimes (C2A15278-BFE7-4AFE-6C17-90FF531DF755): 1
LogDevObjectVersion:   Private-Geometry (6EACA3D4-40EC-4CC1-B786-8BED09428FC5): 3
LogDevObjectVersion:   Dev-AnimPhys (29E575DD-E0A3-4627-9D10-D276232CDCEA): 17
LogDevObjectVersion:   Dev-Anim (AF43A65D-7FD3-4947-9873-3E8ED9C1BB05): 2
LogDevObjectVersion:   Dev-ReflectionCapture (6B266CEC-1EC7-4B8F-A30B-E4D90942FC07): 1
LogDevObjectVersion:   Dev-Automation (0DF73D61-A23F-47EA-B727-89E90C41499A): 1
LogDevObjectVersion:   FortniteMain (601D1886-AC64-4F84-AA16-D3DE0DEAC7D6): 17
LogDevObjectVersion:   Dev-Enterprise (9DFFBCD6-494F-0158-E221-12823C92A888): 4
LogDevObjectVersion:   Dev-Niagara (F2AED0AC-9AFE-416F-8664-AA7FFA26D6FC): 1
LogStreaming: Display: Took  0.002s to delete old logs.
LogInit: Presizing for max 8388607 objects, including 0 objects not considered by GC, pre-allocating 0 bytes for permanent pool.
LogInit: Object subsystem initialized
LogConfig: Setting CVar [[con.DebugEarlyDefault:1]]
LogConfig: Setting CVar [[r.setres:1280x720]]
[2019.04.09-03.35.17:643][  0]LogConfig: Setting CVar [[r.VSync:0]]
[2019.04.09-03.35.17:643][  0]LogConfig: Setting CVar [[r.RHICmdBypass:0]]
[2019.04.09-03.35.17:643][  0]LogConfig: Applying CVar settings from Section [/Script/Engine.RendererSettings] File [D:/Repo/VR-Storytelling-Unreal/Saved/Config/Windows/Engine.ini]
[2019.04.09-03.35.17:643][  0]LogConfig: Setting CVar [[r.GPUCrashDebugging:0]]
[2019.04.09-03.35.17:643][  0]LogConfig: Applying CVar settings from Section [/Script/Engine.RendererOverrideSettings] File [D:/Repo/VR-Storytelling-Unreal/Saved/Config/Windows/Engine.ini]
[2019.04.09-03.35.17:643][  0]LogConfig: Applying CVar settings from Section [/Script/Engine.StreamingSettings] File [D:/Repo/VR-Storytelling-Unreal/Saved/Config/Windows/Engine.ini]
[2019.04.09-03.35.17:643][  0]LogConfig: Setting CVar [[s.MinBulkDataSizeForAsyncLoading:131072]]
[2019.04.09-03.35.17:643][  0]LogConfig: Setting CVar [[s.AsyncLoadingThreadEnabled:0]]
[2019.04.09-03.35.17:643][  0]LogConfig: Setting CVar [[s.EventDrivenLoaderEnabled:1]]
[2019.04.09-03.35.17:643][  0]LogConfig: Setting CVar [[s.WarnIfTimeLimitExceeded:0]]
[2019.04.09-03.35.17:643][  0]LogConfig: Setting CVar [[s.TimeLimitExceededMultiplier:1.5]]
[2019.04.09-03.35.17:643][  0]LogConfig: Setting CVar [[s.TimeLimitExceededMinTime:0.005]]
[2019.04.09-03.35.17:643][  0]LogConfig: Setting CVar [[s.UseBackgroundLevelStreaming:1]]
[2019.04.09-03.35.17:643][  0]LogConfig: Setting CVar [[s.PriorityAsyncLoadingExtraTime:15.0]]
[2019.04.09-03.35.17:643][  0]LogConfig: Setting CVar [[s.LevelStreamingActorsUpdateTimeLimit:5.0]]
[2019.04.09-03.35.17:643][  0]LogConfig: Setting CVar [[s.PriorityLevelStreamingActorsUpdateExtraTime:5.0]]
[2019.04.09-03.35.17:643][  0]LogConfig: Setting CVar [[s.LevelStreamingComponentsRegistrationGranularity:10]]
[2019.04.09-03.35.17:643][  0]LogConfig: Setting CVar [[s.UnregisterComponentsTimeLimit:1.0]]
[2019.04.09-03.35.17:643][  0]LogConfig: Setting CVar [[s.LevelStreamingComponentsUnregistrationGranularity:5]]
[2019.04.09-03.35.17:643][  0]LogConfig: Applying CVar settings from Section [/Script/Engine.GarbageCollectionSettings] File [D:/Repo/VR-Storytelling-Unreal/Saved/Config/Windows/Engine.ini]
[2019.04.09-03.35.17:643][  0]LogConfig: Setting CVar [[gc.MaxObjectsNotConsideredByGC:1]]
[2019.04.09-03.35.17:643][  0]LogConfig: Setting CVar [[gc.SizeOfPermanentObjectPool:0]]
[2019.04.09-03.35.17:643][  0]LogConfig: Setting CVar [[gc.FlushStreamingOnGC:0]]
[2019.04.09-03.35.17:643][  0]LogConfig: Setting CVar [[gc.NumRetriesBeforeForcingGC:10]]
[2019.04.09-03.35.17:643][  0]LogConfig: Setting CVar [[gc.AllowParallelGC:1]]
[2019.04.09-03.35.17:643][  0]LogConfig: Setting CVar [[gc.TimeBetweenPurgingPendingKillObjects:61.1]]
[2019.04.09-03.35.17:643][  0]LogConfig: Setting CVar [[gc.MaxObjectsInEditor:8388607]]
[2019.04.09-03.35.17:644][  0]LogConfig: Setting CVar [[gc.IncrementalBeginDestroyEnabled:1]]
[2019.04.09-03.35.17:644][  0]LogConfig: Setting CVar [[gc.CreateGCClusters:1]]
[2019.04.09-03.35.17:644][  0]LogConfig: Setting CVar [[gc.MergeGCClusters:0]]
[2019.04.09-03.35.17:644][  0]LogConfig: Setting CVar [[gc.MinGCClusterSize:5]]
[2019.04.09-03.35.17:644][  0]LogConfig: Setting CVar [[gc.ActorClusteringEnabled:0]]
[2019.04.09-03.35.17:644][  0]LogConfig: Setting CVar [[gc.BlueprintClusteringEnabled:0]]
[2019.04.09-03.35.17:644][  0]LogConfig: Setting CVar [[gc.UseDisregardForGCOnDedicatedServers:0]]
[2019.04.09-03.35.17:644][  0]LogConfig: Applying CVar settings from Section [/Script/Engine.NetworkSettings] File [D:/Repo/VR-Storytelling-Unreal/Saved/Config/Windows/Engine.ini]
[2019.04.09-03.35.17:644][  0]LogConfig: Applying CVar settings from Section [/Script/UnrealEd.CookerSettings] File [D:/Repo/VR-Storytelling-Unreal/Saved/Config/Windows/Engine.ini]
[2019.04.09-03.35.17:658][  0]LogConfig: Applying CVar settings from Section [ViewDistanceQuality@3] File [D:/Repo/VR-Storytelling-Unreal/Saved/Config/Windows/Scalability.ini]
[2019.04.09-03.35.17:658][  0]LogConfig: Setting CVar [[r.SkeletalMeshLODBias:0]]
[2019.04.09-03.35.17:658][  0]LogConfig: Setting CVar [[r.ViewDistanceScale:1.0]]
[2019.04.09-03.35.17:658][  0]LogConfig: Applying CVar settings from Section [AntiAliasingQuality@3] File [D:/Repo/VR-Storytelling-Unreal/Saved/Config/Windows/Scalability.ini]
[2019.04.09-03.35.17:658][  0]LogConfig: Setting CVar [[r.PostProcessAAQuality:4]]
[2019.04.09-03.35.17:658][  0]LogConfig: Applying CVar settings from Section [ShadowQuality@3] File [D:/Repo/VR-Storytelling-Unreal/Saved/Config/Windows/Scalability.ini]
[2019.04.09-03.35.17:658][  0]LogConfig: Setting CVar [[r.LightFunctionQuality:1]]
[2019.04.09-03.35.17:658][  0]LogConfig: Setting CVar [[r.ShadowQuality:5]]
[2019.04.09-03.35.17:658][  0]LogConfig: Setting CVar [[r.Shadow.CSM.MaxCascades:10]]
[2019.04.09-03.35.17:658][  0]LogConfig: Setting CVar [[r.Shadow.MaxResolution:2048]]
[2019.04.09-03.35.17:658][  0]LogConfig: Setting CVar [[r.Shadow.MaxCSMResolution:2048]]
[2019.04.09-03.35.17:658][  0]LogConfig: Setting CVar [[r.Shadow.RadiusThreshold:0.01]]
[2019.04.09-03.35.17:658][  0]LogConfig: Setting CVar [[r.Shadow.DistanceScale:1.0]]
[2019.04.09-03.35.17:658][  0]LogConfig: Setting CVar [[r.Shadow.CSM.TransitionScale:1.0]]
[2019.04.09-03.35.17:658][  0]LogConfig: Setting CVar [[r.Shadow.PreShadowResolutionFactor:1.0]]
[2019.04.09-03.35.17:658][  0]LogConfig: Setting CVar [[r.DistanceFieldShadowing:1]]
[2019.04.09-03.35.17:658][  0]LogConfig: Setting CVar [[r.DistanceFieldAO:1]]
[2019.04.09-03.35.17:658][  0]LogConfig: Setting CVar [[r.AOQuality:2]]
[2019.04.09-03.35.17:658][  0]LogConfig: Setting CVar [[r.VolumetricFog:1]]
[2019.04.09-03.35.17:658][  0]LogConfig: Setting CVar [[r.VolumetricFog.GridPixelSize:8]]
[2019.04.09-03.35.17:658][  0]LogConfig: Setting CVar [[r.VolumetricFog.GridSizeZ:128]]
[2019.04.09-03.35.17:658][  0]LogConfig: Setting CVar [[r.VolumetricFog.HistoryMissSupersampleCount:4]]
[2019.04.09-03.35.17:658][  0]LogConfig: Setting CVar [[r.LightMaxDrawDistanceScale:1]]
[2019.04.09-03.35.17:658][  0]LogConfig: Setting CVar [[r.CapsuleShadows:1]]
[2019.04.09-03.35.17:658][  0]LogConfig: Applying CVar settings from Section [PostProcessQuality@3] File [D:/Repo/VR-Storytelling-Unreal/Saved/Config/Windows/Scalability.ini]
[2019.04.09-03.35.17:658][  0]LogConfig: Setting CVar [[r.MotionBlurQuality:4]]
[2019.04.09-03.35.17:658][  0]LogConfig: Setting CVar [[r.AmbientOcclusionMipLevelFactor:0.4]]
[2019.04.09-03.35.17:658][  0]LogConfig: Setting CVar [[r.AmbientOcclusionMaxQuality:100]]
[2019.04.09-03.35.17:658][  0]LogConfig: Setting CVar [[r.AmbientOcclusionLevels:-1]]
[2019.04.09-03.35.17:658][  0]LogConfig: Setting CVar [[r.AmbientOcclusionRadiusScale:1.0]]
[2019.04.09-03.35.17:658][  0]LogConfig: Setting CVar [[r.DepthOfFieldQuality:2]]
[2019.04.09-03.35.17:658][  0]LogConfig: Setting CVar [[r.RenderTargetPoolMin:400]]
[2019.04.09-03.35.17:658][  0]LogConfig: Setting CVar [[r.LensFlareQuality:2]]
[2019.04.09-03.35.17:658][  0]LogConfig: Setting CVar [[r.SceneColorFringeQuality:1]]
[2019.04.09-03.35.17:658][  0]LogConfig: Setting CVar [[r.EyeAdaptationQuality:2]]
[2019.04.09-03.35.17:658][  0]LogConfig: Setting CVar [[r.BloomQuality:5]]
[2019.04.09-03.35.17:658][  0]LogConfig: Setting CVar [[r.FastBlurThreshold:100]]
[2019.04.09-03.35.17:658][  0]LogConfig: Setting CVar [[r.Upscale.Quality:3]]
[2019.04.09-03.35.17:658][  0]LogConfig: Setting CVar [[r.Tonemapper.GrainQuantization:1]]
[2019.04.09-03.35.17:658][  0]LogConfig: Setting CVar [[r.LightShaftQuality:1]]
[2019.04.09-03.35.17:658][  0]LogConfig: Setting CVar [[r.Filter.SizeScale:1]]
[2019.04.09-03.35.17:658][  0]LogConfig: Setting CVar [[r.Tonemapper.Quality:5]]
[2019.04.09-03.35.17:658][  0]LogConfig: Setting CVar [[r.DOF.Gather.AccumulatorQuality:1        ; higher gathering accumulator quality]]
[2019.04.09-03.35.17:658][  0]LogConfig: Setting CVar [[r.DOF.Gather.PostfilterMethod:1          ; Median3x3 postfilering method]]
[2019.04.09-03.35.17:658][  0]LogConfig: Setting CVar [[r.DOF.Gather.EnableBokehSettings:0       ; no bokeh simulation when gathering]]
[2019.04.09-03.35.17:658][  0]LogConfig: Setting CVar [[r.DOF.Gather.RingCount:4                 ; medium number of samples when gathering]]
[2019.04.09-03.35.17:658][  0]LogConfig: Setting CVar [[r.DOF.Scatter.ForegroundCompositing:1    ; additive foreground scattering]]
[2019.04.09-03.35.17:658][  0]LogConfig: Setting CVar [[r.DOF.Scatter.BackgroundCompositing:2    ; additive background scattering]]
[2019.04.09-03.35.17:658][  0]LogConfig: Setting CVar [[r.DOF.Scatter.EnableBokehSettings:1      ; bokeh simulation when scattering]]
[2019.04.09-03.35.17:658][  0]LogConfig: Setting CVar [[r.DOF.Scatter.MaxSpriteRatio:0.1         ; only a maximum of 10% of scattered bokeh]]
[2019.04.09-03.35.17:658][  0]LogConfig: Setting CVar [[r.DOF.Recombine.Quality:1                ; cheap slight out of focus]]
[2019.04.09-03.35.17:658][  0]LogConfig: Setting CVar [[r.DOF.Recombine.EnableBokehSettings:0    ; no bokeh simulation on slight out of focus]]
[2019.04.09-03.35.17:658][  0]LogConfig: Setting CVar [[r.DOF.TemporalAAQuality:1                ; more stable temporal accumulation]]
[2019.04.09-03.35.17:658][  0]LogConfig: Setting CVar [[r.DOF.Kernel.MaxForegroundRadius:0.025]]
[2019.04.09-03.35.17:658][  0]LogConfig: Setting CVar [[r.DOF.Kernel.MaxBackgroundRadius:0.025]]
[2019.04.09-03.35.17:658][  0]LogConfig: Applying CVar settings from Section [TextureQuality@3] File [D:/Repo/VR-Storytelling-Unreal/Saved/Config/Windows/Scalability.ini]
[2019.04.09-03.35.17:658][  0]LogConfig: Setting CVar [[r.Streaming.MipBias:0]]
[2019.04.09-03.35.17:658][  0]LogConfig: Setting CVar [[r.Streaming.AmortizeCPUToGPUCopy:0]]
[2019.04.09-03.35.17:658][  0]LogConfig: Setting CVar [[r.Streaming.MaxNumTexturesToStreamPerFrame:0]]
[2019.04.09-03.35.17:658][  0]LogConfig: Setting CVar [[r.Streaming.Boost:1]]
[2019.04.09-03.35.17:658][  0]LogConfig: Setting CVar [[r.MaxAnisotropy:8]]
[2019.04.09-03.35.17:658][  0]LogConfig: Setting CVar [[r.Streaming.LimitPoolSizeToVRAM:0]]
[2019.04.09-03.35.17:658][  0]LogConfig: Setting CVar [[r.Streaming.PoolSize:1000]]
[2019.04.09-03.35.17:658][  0]LogConfig: Setting CVar [[r.Streaming.MaxEffectiveScreenSize:0]]
[2019.04.09-03.35.17:658][  0]LogConfig: Applying CVar settings from Section [EffectsQuality@3] File [D:/Repo/VR-Storytelling-Unreal/Saved/Config/Windows/Scalability.ini]
[2019.04.09-03.35.17:658][  0]LogConfig: Setting CVar [[r.TranslucencyLightingVolumeDim:64]]
[2019.04.09-03.35.17:658][  0]LogConfig: Setting CVar [[r.RefractionQuality:2]]
[2019.04.09-03.35.17:658][  0]LogConfig: Setting CVar [[r.SSR.Quality:3]]
[2019.04.09-03.35.17:659][  0]LogConfig: Setting CVar [[r.SceneColorFormat:4]]
[2019.04.09-03.35.17:659][  0]LogConfig: Setting CVar [[r.DetailMode:2]]
[2019.04.09-03.35.17:659][  0]LogConfig: Setting CVar [[r.TranslucencyVolumeBlur:1]]
[2019.04.09-03.35.17:659][  0]LogConfig: Setting CVar [[r.MaterialQualityLevel:1 ; High quality]]
[2019.04.09-03.35.17:659][  0]LogConfig: Setting CVar [[r.SSS.Scale:1]]
[2019.04.09-03.35.17:659][  0]LogConfig: Setting CVar [[r.SSS.SampleSet:2]]
[2019.04.09-03.35.17:659][  0]LogConfig: Setting CVar [[r.SSS.Quality:1]]
[2019.04.09-03.35.17:659][  0]LogConfig: Setting CVar [[r.SSS.HalfRes:1]]
[2019.04.09-03.35.17:659][  0]LogConfig: Setting CVar [[r.EmitterSpawnRateScale:1.0]]
[2019.04.09-03.35.17:659][  0]LogConfig: Setting CVar [[r.ParticleLightQuality:2]]
[2019.04.09-03.35.17:659][  0]LogConfig: Applying CVar settings from Section [FoliageQuality@3] File [D:/Repo/VR-Storytelling-Unreal/Saved/Config/Windows/Scalability.ini]
[2019.04.09-03.35.17:659][  0]LogConfig: Setting CVar [[foliage.DensityScale:1.0]]
[2019.04.09-03.35.17:659][  0]LogConfig: Setting CVar [[grass.DensityScale:1.0]]
[2019.04.09-03.35.17:659][  0]LogInit: Selected Device Profile: [Windows]
[2019.04.09-03.35.17:659][  0]LogInit: Applying CVar settings loaded from the selected device profile: [Windows]
[2019.04.09-03.35.17:666][  0]LogHAL: Display: Platform has ~ 8 GB [8539336704 / 8589934592 / 8], which maps to Default [LargestMinGB=32, LargerMinGB=12, DefaultMinGB=8, SmallerMinGB=6, SmallestMinGB=0)
[2019.04.09-03.35.17:666][  0]LogConfig: Setting CVar [[r.Vulkan.UseRealUBs:1]]
[2019.04.09-03.35.17:666][  0]LogInit: Going up to parent DeviceProfile []
[2019.04.09-03.35.17:666][  0]LogConfig: Applying CVar settings from Section [ViewDistanceQuality@3] File [D:/Repo/VR-Storytelling-Unreal/Saved/Config/Windows/Scalability.ini]
[2019.04.09-03.35.17:666][  0]LogConfig: Setting CVar [[r.SkeletalMeshLODBias:0]]
[2019.04.09-03.35.17:666][  0]LogConfig: Setting CVar [[r.ViewDistanceScale:1.0]]
[2019.04.09-03.35.17:666][  0]LogConfig: Applying CVar settings from Section [AntiAliasingQuality@3] File [D:/Repo/VR-Storytelling-Unreal/Saved/Config/Windows/Scalability.ini]
[2019.04.09-03.35.17:666][  0]LogConfig: Setting CVar [[r.PostProcessAAQuality:4]]
[2019.04.09-03.35.17:666][  0]LogConfig: Applying CVar settings from Section [ShadowQuality@3] File [D:/Repo/VR-Storytelling-Unreal/Saved/Config/Windows/Scalability.ini]
[2019.04.09-03.35.17:666][  0]LogConfig: Setting CVar [[r.LightFunctionQuality:1]]
[2019.04.09-03.35.17:666][  0]LogConfig: Setting CVar [[r.ShadowQuality:5]]
[2019.04.09-03.35.17:666][  0]LogConfig: Setting CVar [[r.Shadow.CSM.MaxCascades:10]]
[2019.04.09-03.35.17:666][  0]LogConfig: Setting CVar [[r.Shadow.MaxResolution:2048]]
[2019.04.09-03.35.17:666][  0]LogConfig: Setting CVar [[r.Shadow.MaxCSMResolution:2048]]
[2019.04.09-03.35.17:666][  0]LogConfig: Setting CVar [[r.Shadow.RadiusThreshold:0.01]]
[2019.04.09-03.35.17:666][  0]LogConfig: Setting CVar [[r.Shadow.DistanceScale:1.0]]
[2019.04.09-03.35.17:667][  0]LogConfig: Setting CVar [[r.Shadow.CSM.TransitionScale:1.0]]
[2019.04.09-03.35.17:667][  0]LogConfig: Setting CVar [[r.Shadow.PreShadowResolutionFactor:1.0]]
[2019.04.09-03.35.17:667][  0]LogConfig: Setting CVar [[r.DistanceFieldShadowing:1]]
[2019.04.09-03.35.17:667][  0]LogConfig: Setting CVar [[r.DistanceFieldAO:1]]
[2019.04.09-03.35.17:667][  0]LogConfig: Setting CVar [[r.AOQuality:2]]
[2019.04.09-03.35.17:667][  0]LogConfig: Setting CVar [[r.VolumetricFog:1]]
[2019.04.09-03.35.17:667][  0]LogConfig: Setting CVar [[r.VolumetricFog.GridPixelSize:8]]
[2019.04.09-03.35.17:667][  0]LogConfig: Setting CVar [[r.VolumetricFog.GridSizeZ:128]]
[2019.04.09-03.35.17:667][  0]LogConfig: Setting CVar [[r.VolumetricFog.HistoryMissSupersampleCount:4]]
[2019.04.09-03.35.17:667][  0]LogConfig: Setting CVar [[r.LightMaxDrawDistanceScale:1]]
[2019.04.09-03.35.17:667][  0]LogConfig: Setting CVar [[r.CapsuleShadows:1]]
[2019.04.09-03.35.17:667][  0]LogConfig: Applying CVar settings from Section [PostProcessQuality@3] File [D:/Repo/VR-Storytelling-Unreal/Saved/Config/Windows/Scalability.ini]
[2019.04.09-03.35.17:667][  0]LogConfig: Setting CVar [[r.MotionBlurQuality:4]]
[2019.04.09-03.35.17:667][  0]LogConfig: Setting CVar [[r.AmbientOcclusionMipLevelFactor:0.4]]
[2019.04.09-03.35.17:667][  0]LogConfig: Setting CVar [[r.AmbientOcclusionMaxQuality:100]]
[2019.04.09-03.35.17:667][  0]LogConfig: Setting CVar [[r.AmbientOcclusionLevels:-1]]
[2019.04.09-03.35.17:667][  0]LogConfig: Setting CVar [[r.AmbientOcclusionRadiusScale:1.0]]
[2019.04.09-03.35.17:667][  0]LogConfig: Setting CVar [[r.DepthOfFieldQuality:2]]
[2019.04.09-03.35.17:667][  0]LogConfig: Setting CVar [[r.RenderTargetPoolMin:400]]
[2019.04.09-03.35.17:667][  0]LogConfig: Setting CVar [[r.LensFlareQuality:2]]
[2019.04.09-03.35.17:667][  0]LogConfig: Setting CVar [[r.SceneColorFringeQuality:1]]
[2019.04.09-03.35.17:667][  0]LogConfig: Setting CVar [[r.EyeAdaptationQuality:2]]
[2019.04.09-03.35.17:667][  0]LogConfig: Setting CVar [[r.BloomQuality:5]]
[2019.04.09-03.35.17:667][  0]LogConfig: Setting CVar [[r.FastBlurThreshold:100]]
[2019.04.09-03.35.17:667][  0]LogConfig: Setting CVar [[r.Upscale.Quality:3]]
[2019.04.09-03.35.17:667][  0]LogConfig: Setting CVar [[r.Tonemapper.GrainQuantization:1]]
[2019.04.09-03.35.17:667][  0]LogConfig: Setting CVar [[r.LightShaftQuality:1]]
[2019.04.09-03.35.17:667][  0]LogConfig: Setting CVar [[r.Filter.SizeScale:1]]
[2019.04.09-03.35.17:667][  0]LogConfig: Setting CVar [[r.Tonemapper.Quality:5]]
[2019.04.09-03.35.17:667][  0]LogConfig: Setting CVar [[r.DOF.Gather.AccumulatorQuality:1        ; higher gathering accumulator quality]]
[2019.04.09-03.35.17:667][  0]LogConfig: Setting CVar [[r.DOF.Gather.PostfilterMethod:1          ; Median3x3 postfilering method]]
[2019.04.09-03.35.17:667][  0]LogConfig: Setting CVar [[r.DOF.Gather.EnableBokehSettings:0       ; no bokeh simulation when gathering]]
[2019.04.09-03.35.17:667][  0]LogConfig: Setting CVar [[r.DOF.Gather.RingCount:4                 ; medium number of samples when gathering]]
[2019.04.09-03.35.17:667][  0]LogConfig: Setting CVar [[r.DOF.Scatter.ForegroundCompositing:1    ; additive foreground scattering]]
[2019.04.09-03.35.17:667][  0]LogConfig: Setting CVar [[r.DOF.Scatter.BackgroundCompositing:2    ; additive background scattering]]
[2019.04.09-03.35.17:667][  0]LogConfig: Setting CVar [[r.DOF.Scatter.EnableBokehSettings:1      ; bokeh simulation when scattering]]
[2019.04.09-03.35.17:667][  0]LogConfig: Setting CVar [[r.DOF.Scatter.MaxSpriteRatio:0.1         ; only a maximum of 10% of scattered bokeh]]
[2019.04.09-03.35.17:667][  0]LogConfig: Setting CVar [[r.DOF.Recombine.Quality:1                ; cheap slight out of focus]]
[2019.04.09-03.35.17:667][  0]LogConfig: Setting CVar [[r.DOF.Recombine.EnableBokehSettings:0    ; no bokeh simulation on slight out of focus]]
[2019.04.09-03.35.17:667][  0]LogConfig: Setting CVar [[r.DOF.TemporalAAQuality:1                ; more stable temporal accumulation]]
[2019.04.09-03.35.17:667][  0]LogConfig: Setting CVar [[r.DOF.Kernel.MaxForegroundRadius:0.025]]
[2019.04.09-03.35.17:667][  0]LogConfig: Setting CVar [[r.DOF.Kernel.MaxBackgroundRadius:0.025]]
[2019.04.09-03.35.17:667][  0]LogConfig: Applying CVar settings from Section [TextureQuality@3] File [D:/Repo/VR-Storytelling-Unreal/Saved/Config/Windows/Scalability.ini]
[2019.04.09-03.35.17:667][  0]LogConfig: Setting CVar [[r.Streaming.MipBias:0]]
[2019.04.09-03.35.17:667][  0]LogConfig: Setting CVar [[r.Streaming.AmortizeCPUToGPUCopy:0]]
[2019.04.09-03.35.17:667][  0]LogConfig: Setting CVar [[r.Streaming.MaxNumTexturesToStreamPerFrame:0]]
[2019.04.09-03.35.17:667][  0]LogConfig: Setting CVar [[r.Streaming.Boost:1]]
[2019.04.09-03.35.17:667][  0]LogConfig: Setting CVar [[r.MaxAnisotropy:8]]
[2019.04.09-03.35.17:667][  0]LogConfig: Setting CVar [[r.Streaming.LimitPoolSizeToVRAM:0]]
[2019.04.09-03.35.17:667][  0]LogConfig: Setting CVar [[r.Streaming.PoolSize:1000]]
[2019.04.09-03.35.17:667][  0]LogConfig: Setting CVar [[r.Streaming.MaxEffectiveScreenSize:0]]
[2019.04.09-03.35.17:667][  0]LogConfig: Applying CVar settings from Section [EffectsQuality@3] File [D:/Repo/VR-Storytelling-Unreal/Saved/Config/Windows/Scalability.ini]
[2019.04.09-03.35.17:667][  0]LogConfig: Setting CVar [[r.TranslucencyLightingVolumeDim:64]]
[2019.04.09-03.35.17:667][  0]LogConfig: Setting CVar [[r.RefractionQuality:2]]
[2019.04.09-03.35.17:667][  0]LogConfig: Setting CVar [[r.SSR.Quality:3]]
[2019.04.09-03.35.17:667][  0]LogConfig: Setting CVar [[r.SceneColorFormat:4]]
[2019.04.09-03.35.17:667][  0]LogConfig: Setting CVar [[r.DetailMode:2]]
[2019.04.09-03.35.17:667][  0]LogConfig: Setting CVar [[r.TranslucencyVolumeBlur:1]]
[2019.04.09-03.35.17:667][  0]LogConfig: Setting CVar [[r.MaterialQualityLevel:1 ; High quality]]
[2019.04.09-03.35.17:667][  0]LogConfig: Setting CVar [[r.SSS.Scale:1]]
[2019.04.09-03.35.17:667][  0]LogConfig: Setting CVar [[r.SSS.SampleSet:2]]
[2019.04.09-03.35.17:667][  0]LogConfig: Setting CVar [[r.SSS.Quality:1]]
[2019.04.09-03.35.17:667][  0]LogConfig: Setting CVar [[r.SSS.HalfRes:1]]
[2019.04.09-03.35.17:667][  0]LogConfig: Setting CVar [[r.EmitterSpawnRateScale:1.0]]
[2019.04.09-03.35.17:667][  0]LogConfig: Setting CVar [[r.ParticleLightQuality:2]]
[2019.04.09-03.35.17:667][  0]LogConfig: Applying CVar settings from Section [FoliageQuality@3] File [D:/Repo/VR-Storytelling-Unreal/Saved/Config/Windows/Scalability.ini]
[2019.04.09-03.35.17:667][  0]LogConfig: Setting CVar [[foliage.DensityScale:1.0]]
[2019.04.09-03.35.17:667][  0]LogConfig: Setting CVar [[grass.DensityScale:1.0]]
[2019.04.09-03.35.17:667][  0]LogConfig: Applying CVar settings from Section [Startup] File [../../../Engine/Config/ConsoleVariables.ini]
[2019.04.09-03.35.17:667][  0]LogConfig: Setting CVar [[net.UseAdaptiveNetUpdateFrequency:0]]
[2019.04.09-03.35.17:667][  0]LogConfig: Applying CVar settings from Section [ConsoleVariables] File [D:/Repo/VR-Storytelling-Unreal/Saved/Config/Windows/Engine.ini]
[2019.04.09-03.35.17:668][  0]LogInit: Computer: YOO-DESKTOP
[2019.04.09-03.35.17:668][  0]LogInit: User: Steven
[2019.04.09-03.35.17:668][  0]LogInit: CPU Page size=4096, Cores=4
[2019.04.09-03.35.17:668][  0]LogInit: High frequency timer resolution =3.906252 MHz
[2019.04.09-03.35.17:668][  0]LogMemory: Memory total: Physical=8.0GB (8GB approx)
[2019.04.09-03.35.17:668][  0]LogMemory: Platform Memory Stats for Windows
[2019.04.09-03.35.17:668][  0]LogMemory: Process Physical Memory: 103.78 MB used, 103.78 MB peak
[2019.04.09-03.35.17:668][  0]LogMemory: Process Virtual Memory: 93.62 MB used, 93.62 MB peak
[2019.04.09-03.35.17:668][  0]LogMemory: Physical Memory: 5820.50 MB used,  2323.25 MB free, 8143.75 MB total
[2019.04.09-03.35.17:668][  0]LogMemory: Virtual Memory: 4650.03 MB used,  134213080.00 MB free, 134217728.00 MB total
[2019.04.09-03.35.17:702][  0]LogInit: Using OS detected language (en-US).
[2019.04.09-03.35.17:702][  0]LogInit: Using OS detected locale (en-US).
[2019.04.09-03.35.17:703][  0]LogTextLocalizationManager: No specific localization for 'en-US' exists, so the 'en' localization will be used.
[2019.04.09-03.35.18:091][  0]LogStreaming: Display: Took  0.389s to InitEngineTextLocalization.
[2019.04.09-03.35.18:092][  0]LogInit: Setting process to per monitor DPI aware
[2019.04.09-03.35.18:151][  0]LogSlate: New Slate User Created.  User Index 0, Is Virtual User: 0
[2019.04.09-03.35.18:151][  0]LogSlate: Slate User Registered.  User Index 0, Is Virtual User: 0
[2019.04.09-03.35.18:479][  0]LogHMD: Failed to initialize OpenVR with code 110
[2019.04.09-03.35.18:479][  0]LogD3D11RHI: D3D11 adapters:
[2019.04.09-03.35.18:536][  0]LogD3D11RHI:    0. 'NVIDIA GeForce GTX 960' (Feature Level 11_0)
[2019.04.09-03.35.18:536][  0]LogD3D11RHI:       4053/0/4071 MB DedicatedVideo/DedicatedSystem/SharedSystem, Outputs:3, VendorId:0x10de
[2019.04.09-03.35.18:538][  0]LogD3D11RHI:    1. 'Microsoft Basic Render Driver' (Feature Level 11_0)
[2019.04.09-03.35.18:538][  0]LogD3D11RHI:       0/0/4071 MB DedicatedVideo/DedicatedSystem/SharedSystem, Outputs:0, VendorId:0x1414
[2019.04.09-03.35.18:538][  0]LogD3D11RHI: Chosen D3D11 Adapter: 0
[2019.04.09-03.35.18:547][  0]LogD3D11RHI: Creating new Direct3DDevice
[2019.04.09-03.35.18:547][  0]LogD3D11RHI:     GPU DeviceId: 0x1401 (for the marketing name, search the web for "GPU Device Id")
[2019.04.09-03.35.18:547][  0]LogWindows: EnumDisplayDevices:
[2019.04.09-03.35.18:547][  0]LogWindows:    0. 'NVIDIA GeForce GTX 960' (P:1 D:1)
[2019.04.09-03.35.18:548][  0]LogWindows:    1. 'NVIDIA GeForce GTX 960' (P:0 D:1)
[2019.04.09-03.35.18:549][  0]LogWindows:    2. 'NVIDIA GeForce GTX 960' (P:0 D:1)
[2019.04.09-03.35.18:550][  0]LogWindows:    3. 'NVIDIA GeForce GTX 960' (P:0 D:0)
[2019.04.09-03.35.18:550][  0]LogWindows: DebugString: FoundDriverCount:4 
[2019.04.09-03.35.18:550][  0]LogD3D11RHI:     Adapter Name: NVIDIA GeForce GTX 960
[2019.04.09-03.35.18:550][  0]LogD3D11RHI:   Driver Version: 397.44 (internal:24.21.13.9744, unified:397.44)
[2019.04.09-03.35.18:550][  0]LogD3D11RHI:      Driver Date: 4-26-2018
[2019.04.09-03.35.18:550][  0]LogRHI: Texture pool is 2837 MB (70% of 4053 MB)
[2019.04.09-03.35.18:582][  0]LogD3D11RHI: Async texture creation enabled
[2019.04.09-03.35.18:600][  0]LogD3D11RHI: GPU Timing Frequency: 1000.000000 (Debug: 2 2)
[2019.04.09-03.35.19:051][  0]LogTemp: Display: Loaded TP AllDesktopTargetPlatform
[2019.04.09-03.35.19:064][  0]LogTemp: Display: Loaded TP MacClientTargetPlatform
[2019.04.09-03.35.19:077][  0]LogTemp: Display: Loaded TP MacNoEditorTargetPlatform
[2019.04.09-03.35.19:089][  0]LogTemp: Display: Loaded TP MacServerTargetPlatform
[2019.04.09-03.35.19:103][  0]LogTemp: Display: Loaded TP MacTargetPlatform
[2019.04.09-03.35.19:116][  0]LogTemp: Display: Loaded TP WindowsClientTargetPlatform
[2019.04.09-03.35.19:129][  0]LogTemp: Display: Loaded TP WindowsNoEditorTargetPlatform
[2019.04.09-03.35.19:142][  0]LogTemp: Display: Loaded TP WindowsServerTargetPlatform
[2019.04.09-03.35.19:150][  0]LogTemp: Display: Loaded TP WindowsTargetPlatform
[2019.04.09-03.35.19:226][  0]LogTemp: Display: Loaded TP AndroidTargetPlatform
[2019.04.09-03.35.19:226][  0]LogTemp: Display: Loaded TP AndroidTargetPlatform
[2019.04.09-03.35.19:226][  0]LogTemp: Display: Loaded TP AndroidTargetPlatform
[2019.04.09-03.35.19:226][  0]LogTemp: Display: Loaded TP AndroidTargetPlatform
[2019.04.09-03.35.19:226][  0]LogTemp: Display: Loaded TP AndroidTargetPlatform
[2019.04.09-03.35.19:226][  0]LogTemp: Display: Loaded TP AndroidTargetPlatform
[2019.04.09-03.35.19:226][  0]LogTemp: Display: Loaded TP AndroidTargetPlatform
[2019.04.09-03.35.19:226][  0]LogTemp: Display: Loaded TP AndroidTargetPlatform
[2019.04.09-03.35.19:226][  0]LogTemp: Display: Loaded TP AndroidTargetPlatform
[2019.04.09-03.35.19:226][  0]LogTemp: Display: Loaded TP AndroidTargetPlatform
[2019.04.09-03.35.19:226][  0]LogTemp: Display: Loaded TP AndroidTargetPlatform
[2019.04.09-03.35.19:226][  0]LogTemp: Display: Loaded TP AndroidTargetPlatform
[2019.04.09-03.35.19:226][  0]LogTemp: Display: Loaded TP AndroidTargetPlatform
[2019.04.09-03.35.19:226][  0]LogTemp: Display: Loaded TP AndroidTargetPlatform
[2019.04.09-03.35.19:226][  0]LogTemp: Display: Loaded TP AndroidTargetPlatform
[2019.04.09-03.35.19:226][  0]LogTemp: Display: Loaded TP AndroidTargetPlatform
[2019.04.09-03.35.19:226][  0]LogTemp: Display: Loaded TP AndroidTargetPlatform
[2019.04.09-03.35.19:226][  0]LogTemp: Display: Loaded TP AndroidTargetPlatform
[2019.04.09-03.35.19:229][  0]LogTemp: Display: Loaded TP HTML5TargetPlatform
[2019.04.09-03.35.19:292][  0]LogTemp: Display: Loaded TP IOSTargetPlatform
[2019.04.09-03.35.19:292][  0]LogTemp: Display: Loaded TP IOSTargetPlatform
[2019.04.09-03.35.19:314][  0]LogTemp: Display: Loaded TP TVOSTargetPlatform
[2019.04.09-03.35.19:314][  0]LogTemp: Display: Loaded TP TVOSTargetPlatform
[2019.04.09-03.35.19:326][  0]LogTemp: Display: Loaded TP LinuxClientTargetPlatform
[2019.04.09-03.35.19:337][  0]LogTemp: Display: Loaded TP LinuxNoEditorTargetPlatform
[2019.04.09-03.35.19:349][  0]LogTemp: Display: Loaded TP LinuxServerTargetPlatform
[2019.04.09-03.35.19:362][  0]LogTemp: Display: Loaded TP LinuxTargetPlatform
[2019.04.09-03.35.19:406][  0]LogTemp: Display: Loaded TP LuminTargetPlatform
[2019.04.09-03.35.19:406][  0]LogTemp: Display: Loaded TP LuminTargetPlatform
[2019.04.09-03.35.19:406][  0]LogTargetPlatformManager: Display: Building Assets For Windows
[2019.04.09-03.35.19:500][  0]LogShaderCompilers: Guid format shader working directory is 16 characters bigger than the processId version (D:/Repo/VR-Storytelling-Unreal/Intermediate/Shaders/WorkingDirectory/12068/).
[2019.04.09-03.35.19:500][  0]LogShaderCompilers: Cleaned the shader compiler working directory 'C:/Users/Steven/AppData/Local/Temp/UnrealShaderWorkingDir/8B64890740041129BF55EC943F9E9283/'.
[2019.04.09-03.35.19:503][  0]LogXGEController: Cannot use XGE Controller as Incredibuild is not installed on this machine.
[2019.04.09-03.35.19:504][  0]LogShaderCompilers: Cannot use XGE Shader Compiler as Incredibuild is not installed on this machine.
[2019.04.09-03.35.19:504][  0]LogShaderCompilers: Display: Using Local Shader Compiler.
[2019.04.09-03.35.20:027][  0]LogDerivedDataCache: Display: Max Cache Size: 512 MB
[2019.04.09-03.35.20:109][  0]LogDerivedDataCache: Loaded boot cache 0.08s 71MB C:/Users/Steven/AppData/Local/UnrealEngine/4.21/DerivedDataCache/Boot.ddc.
[2019.04.09-03.35.20:109][  0]LogDerivedDataCache: Display: Loaded Boot cache: C:/Users/Steven/AppData/Local/UnrealEngine/4.21/DerivedDataCache/Boot.ddc
[2019.04.09-03.35.20:109][  0]LogDerivedDataCache: FDerivedDataBackendGraph:  Pak pak cache file D:/Repo/VR-Storytelling-Unreal/DerivedDataCache/DDC.ddp not found, will not use a pak cache.
[2019.04.09-03.35.20:109][  0]LogDerivedDataCache: Unable to find inner node Pak for hierarchical cache Hierarchy.
[2019.04.09-03.35.20:109][  0]LogDerivedDataCache: FDerivedDataBackendGraph:  CompressedPak pak cache file D:/Repo/VR-Storytelling-Unreal/DerivedDataCache/Compressed.ddp not found, will not use a pak cache.
[2019.04.09-03.35.20:109][  0]LogDerivedDataCache: Unable to find inner node CompressedPak for hierarchical cache Hierarchy.
[2019.04.09-03.35.20:128][  0]LogDerivedDataCache: Display: Pak cache opened for reading ../../../Engine/DerivedDataCache/Compressed.ddp.
[2019.04.09-03.35.20:128][  0]LogDerivedDataCache: FDerivedDataBackendGraph:  EnterprisePak pak cache file ../../../Enterprise/DerivedDataCache/Compressed.ddp not found, will not use a pak cache.
[2019.04.09-03.35.20:128][  0]LogDerivedDataCache: Unable to find inner node EnterprisePak for hierarchical cache Hierarchy.
[2019.04.09-03.35.20:141][  0]LogDerivedDataCache: Using Local data cache path C:/Users/Steven/AppData/Local/UnrealEngine/Common/DerivedDataCache: Writable
[2019.04.09-03.35.20:141][  0]LogDerivedDataCache: Shared data cache path not found in *engine.ini, will not use an Shared cache.
[2019.04.09-03.35.20:141][  0]LogDerivedDataCache: Unable to find inner node Shared for hierarchical cache Hierarchy.
[2019.04.09-03.35.20:173][  0]LogMaterial: Verifying Global Shaders for PCD3D_SM5
[2019.04.09-03.35.20:174][  0]LogSlate: Using FreeType 2.6.0
[2019.04.09-03.35.20:175][  0]LogSlate: SlateFontServices - WITH_FREETYPE: 1, WITH_HARFBUZZ: 1
[2019.04.09-03.35.20:279][  0]LogAssetRegistry: FAssetRegistry took 0.0359 seconds to start up
[2019.04.09-03.35.20:631][  0]LogInit: Selected Device Profile: [Windows]
[2019.04.09-03.35.20:801][  0]LogSimplygon: Simplygon DLL not present - disabling.
[2019.04.09-03.35.20:807][  0]LogMeshReduction: Using SimplygonSwarm for distributed automatic mesh merging
[2019.04.09-03.35.20:807][  0]LogMeshReduction: Using ProxyLODMeshReduction for automatic mesh merging
[2019.04.09-03.35.20:807][  0]LogMeshReduction: Using QuadricMeshReduction for automatic static mesh reduction
[2019.04.09-03.35.20:807][  0]LogMeshReduction: No automatic skeletal mesh reduction module available
[2019.04.09-03.35.20:825][  0]LogNetVersion: GroupProjRacer 1.0.0, NetCL: 4541578, EngineNetVer: 5, GameNetVer: 0 (Checksum: 726259045)
[2019.04.09-03.35.21:378][  0]LogPackageLocalizationCache: Processed 11 localized package path(s) for 2 prioritized culture(s) in 0.073018 seconds
[2019.04.09-03.35.21:384][  0]LogUObjectArray: 39775 objects as part of root set at end of initial load.
[2019.04.09-03.35.21:384][  0]LogUObjectAllocator: 6914656 out of 0 bytes used by permanent object pool.
[2019.04.09-03.35.21:384][  0]LogUObjectArray: CloseDisregardForGC: 0/0 objects in disregard for GC pool
[2019.04.09-03.35.22:436][  0]LogTcpMessaging: Initializing TcpMessaging bridge
[2019.04.09-03.35.22:450][  0]LogUdpMessaging: Initializing bridge on interface 0.0.0.0:0 to multicast group 230.0.0.1:6666.
[2019.04.09-03.35.23:256][  0]SourceControl: Source control is disabled
[2019.04.09-03.35.23:256][  0]SourceControl: Source control is disabled
[2019.04.09-03.35.23:259][  0]SourceControl: Source control is disabled
[2019.04.09-03.35.23:260][  0]SourceControl: Source control is disabled
[2019.04.09-03.35.23:458][  0]LogAndroidPermission: UAndroidPermissionCallbackProxy::GetInstance
[2019.04.09-03.35.23:570][  0]LogOcInput: OculusInput pre-init called
[2019.04.09-03.35.23:709][  0]LogEngine: Initializing Engine...
[2019.04.09-03.35.23:710][  0]LogHMD: Failed to initialize OpenVR with code 110
[2019.04.09-03.35.23:711][  0]LogStats: UGameplayTagsManager::ConstructGameplayTagTree: ImportINI prefixes -  0.000 s
[2019.04.09-03.35.23:711][  0]LogStats: UGameplayTagsManager::ConstructGameplayTagTree: Construct from data asset -  0.000 s
[2019.04.09-03.35.23:712][  0]LogStats: UGameplayTagsManager::ConstructGameplayTagTree: ImportINI -  0.000 s
[2019.04.09-03.35.23:712][  0]LogStats: UGameplayTagsManager::ConstructGameplayTagTree: GameplayTagTreeChangedEvent.Broadcast -  0.000 s
[2019.04.09-03.35.23:940][  0]LogInit: Initializing FReadOnlyCVARCache
[2019.04.09-03.35.23:964][  0]LogAIModule: Creating AISystem for world Untitled
[2019.04.09-03.35.23:998][  0]LogInit: XAudio2 using '2D HD LG TV (NVIDIA High Definition Audio)' : 2 channels at 48 kHz using 16 bits per sample (channel mask 0x3)
[2019.04.09-03.35.24:047][  0]LogInit: FAudioDevice initialized.
[2019.04.09-03.35.24:048][  0]LogNetVersion: Set ProjectVersion to 1.0.0.0. Version Checksum will be recalculated on next use.
[2019.04.09-03.35.24:140][  0]LogDerivedDataCache: Saved boot cache 0.09s 71MB C:/Users/Steven/AppData/Local/UnrealEngine/4.21/DerivedDataCache/Boot.ddc.
[2019.04.09-03.35.24:140][  0]LogInit: Texture streaming: Enabled
[2019.04.09-03.35.24:165][  0]LogEngineSessionManager: EngineSessionManager initialized
[2019.04.09-03.35.24:183][  0]LogInit: Transaction tracking system initialized
[2019.04.09-03.35.24:220][  0]BlueprintLog: New page: Editor Load
[2019.04.09-03.35.24:340][  0]LocalizationService: Localization service is disabled
[2019.04.09-03.35.24:805][  0]LogFileCache: Scanning file cache for directory 'D:/Repo/VR-Storytelling-Unreal/Content/' took 0.04s
[2019.04.09-03.35.24:805][  0]LogCook: Display: Max memory allowance for cook 16384mb min free memory 0mb
[2019.04.09-03.35.24:806][  0]LogCook: Display: Mobile HDR setting 1
[2019.04.09-03.35.24:806][  0]LogGameplayTags: Display: UGameplayTagsManager::DoneAddingNativeTags. DelegateIsBound: 0
[2019.04.09-03.35.24:806][  0]LogStats: UGameplayTagsManager::ConstructGameplayTagTree: ImportINI prefixes -  0.000 s
[2019.04.09-03.35.24:806][  0]LogStats: UGameplayTagsManager::ConstructGameplayTagTree: Construct from data asset -  0.000 s
[2019.04.09-03.35.24:806][  0]LogStats: UGameplayTagsManager::ConstructGameplayTagTree: ImportINI -  0.000 s
[2019.04.09-03.35.24:806][  0]LogStats: UGameplayTagsManager::ConstructGameplayTagTree: GameplayTagTreeChangedEvent.Broadcast -  0.000 s
[2019.04.09-03.35.24:979][  0]SourceControl: Source control is disabled
[2019.04.09-03.35.24:979][  0]Cmd: MAP LOAD FILE="../../../Engine/Content/Maps/Templates/Template_Default.umap" TEMPLATE=1 SHOWPROGRESS=1 FEATURELEVEL=3
[2019.04.09-03.35.24:980][  0]LightingResults: New page: Lighting Build
[2019.04.09-03.35.24:983][  0]MapCheck: New page: Map Check
[2019.04.09-03.35.24:984][  0]LightingResults: New page: Lighting Build
[2019.04.09-03.35.25:147][  0]LogAIModule: Creating AISystem for world Untitled_1
[2019.04.09-03.35.25:153][  0]LogEditorServer: Finished looking for orphan Actors (0.000 secs)
[2019.04.09-03.35.25:171][  0]Cmd: MAP CHECKDEP NOCLEARLOG
[2019.04.09-03.35.25:171][  0]MapCheck: Map check complete: 0 Error(s), 0 Warning(s), took 0.1ms to complete.
[2019.04.09-03.35.25:171][  0]LogFileHelpers: Loading map 'Template_Default' took 0.192
[2019.04.09-03.35.25:284][  0]LogSlate: Updating window title bar state: overlay mode, drag disabled, window buttons hidden, title bar hidden
[2019.04.09-03.35.25:292][  0]LogSlate: Updating window title bar state: overlay mode, drag disabled, window buttons hidden, title bar hidden
[2019.04.09-03.35.25:298][  0]LogSlate: Updating window title bar state: overlay mode, drag disabled, window buttons hidden, title bar hidden
[2019.04.09-03.35.25:305][  0]LogSlate: Updating window title bar state: overlay mode, drag disabled, window buttons hidden, title bar hidden
[2019.04.09-03.35.25:314][  0]LogCollectionManager: Loaded 0 collections in 0.003555 seconds
[2019.04.09-03.35.25:331][  0]LogFileCache: Scanning file cache for directory 'D:/Repo/VR-Storytelling-Unreal/Saved/Collections/' took 0.01s
[2019.04.09-03.35.25:331][  0]LogFileCache: Scanning file cache for directory 'D:/Repo/VR-Storytelling-Unreal/Content/Developers/Steven/Collections/' took 0.00s
[2019.04.09-03.35.25:331][  0]LogFileCache: Scanning file cache for directory 'D:/Repo/VR-Storytelling-Unreal/Content/Collections/' took 0.00s
[2019.04.09-03.35.25:331][  0]LogCollectionManager: Rebuilt the GUID cache for 0 collections in 0.000000 seconds
[2019.04.09-03.35.25:339][  0]LogContentBrowser: Native class hierarchy populated in 0.0074 seconds. Added 2651 classes and 620 folders.
[2019.04.09-03.35.25:348][  0]LogContentBrowser: Native class hierarchy updated for 'WidgetCarousel' in 0.0004 seconds. Added 0 classes and 0 folders.
[2019.04.09-03.35.25:350][  0]LogPakFile: Registered encryption key '00000000000000000000000000000000': 0 pak files mounted, 0 remain pending
[2019.04.09-03.35.25:351][  0]LogPakFile: Registered encryption key '00000000000000000000000000000000': 0 pak files mounted, 0 remain pending
[2019.04.09-03.35.25:351][  0]LogPakFile: Registered encryption key '00000000000000000000000000000000': 0 pak files mounted, 0 remain pending
[2019.04.09-03.35.25:352][  0]LogPakFile: Registered encryption key '00000000000000000000000000000000': 0 pak files mounted, 0 remain pending
[2019.04.09-03.35.25:353][  0]LogPakFile: Registered encryption key '00000000000000000000000000000000': 0 pak files mounted, 0 remain pending
[2019.04.09-03.35.25:354][  0]LogPakFile: Registered encryption key '00000000000000000000000000000000': 0 pak files mounted, 0 remain pending
[2019.04.09-03.35.25:354][  0]LogPakFile: Registered encryption key '00000000000000000000000000000000': 0 pak files mounted, 0 remain pending
[2019.04.09-03.35.25:355][  0]LogPakFile: Registered encryption key '00000000000000000000000000000000': 0 pak files mounted, 0 remain pending
[2019.04.09-03.35.25:356][  0]LogPakFile: Registered encryption key '00000000000000000000000000000000': 0 pak files mounted, 0 remain pending
[2019.04.09-03.35.25:356][  0]LogPakFile: Registered encryption key '00000000000000000000000000000000': 0 pak files mounted, 0 remain pending
[2019.04.09-03.35.25:357][  0]LogPakFile: Registered encryption key '00000000000000000000000000000000': 0 pak files mounted, 0 remain pending
[2019.04.09-03.35.25:358][  0]LogPakFile: Registered encryption key '00000000000000000000000000000000': 0 pak files mounted, 0 remain pending
[2019.04.09-03.35.25:359][  0]LogPakFile: Registered encryption key '00000000000000000000000000000000': 0 pak files mounted, 0 remain pending
[2019.04.09-03.35.25:359][  0]LogPakFile: Registered encryption key '00000000000000000000000000000000': 0 pak files mounted, 0 remain pending
[2019.04.09-03.35.25:360][  0]LogPakFile: Registered encryption key '00000000000000000000000000000000': 0 pak files mounted, 0 remain pending
[2019.04.09-03.35.25:361][  0]LogPakFile: Registered encryption key '00000000000000000000000000000000': 0 pak files mounted, 0 remain pending
[2019.04.09-03.35.25:362][  0]LogPakFile: Registered encryption key '00000000000000000000000000000000': 0 pak files mounted, 0 remain pending
[2019.04.09-03.35.25:363][  0]LogPakFile: Registered encryption key '00000000000000000000000000000000': 0 pak files mounted, 0 remain pending
[2019.04.09-03.35.25:365][  0]LogPakFile: Registered encryption key '00000000000000000000000000000000': 0 pak files mounted, 0 remain pending
[2019.04.09-03.35.25:366][  0]LogPakFile: Registered encryption key '00000000000000000000000000000000': 0 pak files mounted, 0 remain pending
[2019.04.09-03.35.25:367][  0]LogPakFile: Registered encryption key '00000000000000000000000000000000': 0 pak files mounted, 0 remain pending
[2019.04.09-03.35.25:367][  0]LogPakFile: Registered encryption key '00000000000000000000000000000000': 0 pak files mounted, 0 remain pending
[2019.04.09-03.35.25:368][  0]LogPakFile: Registered encryption key '00000000000000000000000000000000': 0 pak files mounted, 0 remain pending
[2019.04.09-03.35.25:369][  0]LogPakFile: Registered encryption key '00000000000000000000000000000000': 0 pak files mounted, 0 remain pending
[2019.04.09-03.35.25:370][  0]LogPakFile: Registered encryption key '00000000000000000000000000000000': 0 pak files mounted, 0 remain pending
[2019.04.09-03.35.25:370][  0]LogPakFile: Registered encryption key '00000000000000000000000000000000': 0 pak files mounted, 0 remain pending
[2019.04.09-03.35.25:435][  0]LogContentBrowser: Native class hierarchy updated for 'AddContentDialog' in 0.0003 seconds. Added 0 classes and 0 folders.
[2019.04.09-03.35.25:443][  0]LogContentBrowser: Native class hierarchy updated for 'SceneOutliner' in 0.0004 seconds. Added 1 classes and 2 folders.
[2019.04.09-03.35.25:461][  0]LogSlate: Took 0.000274 seconds to synchronously load lazily loaded font '../../../Engine/Content/Slate/Fonts/Roboto-Regular.ttf' (155K)
[2019.04.09-03.35.25:464][  0]LogSlate: Took 0.000255 seconds to synchronously load lazily loaded font '../../../Engine/Content/Slate/Fonts/Roboto-Bold.ttf' (160K)
[2019.04.09-03.35.25:471][  0]LogSlate: Took 0.000393 seconds to synchronously load lazily loaded font '../../../Engine/Content/Editor/Slate/Fonts/FontAwesome.ttf' (139K)
[2019.04.09-03.35.25:562][  0]LogRenderer: Reallocating scene render targets to support 1056x556 Format 10 NumSamples 1 (Frame:1).
[2019.04.09-03.35.25:704][  0]LogContentBrowser: Native class hierarchy updated for 'HierarchicalLODOutliner' in 0.0003 seconds. Added 0 classes and 0 folders.
[2019.04.09-03.35.25:704][  0]LogLoad: (Engine Initialization) Total time: 10.61 seconds
[2019.04.09-03.35.25:704][  0]LogLoad: (Engine Initialization) Total Blueprint compile time: 0.00 seconds
[2019.04.09-03.35.25:714][  0]LogWindowsTextInputMethodSystem: Display: IME system now deactivated.
[2019.04.09-03.35.25:785][  0]LogContentStreaming: Texture pool size now 1000 MB
[2019.04.09-03.35.25:895][  2]LogAssetRegistry: Asset discovery search completed in 5.6380 seconds
[2019.04.09-03.35.25:897][  2]LogCollectionManager: Rebuilt the object cache for 0 collections in 0.000001 seconds (found 0 objects)
[2019.04.09-03.35.25:897][  2]LogCollectionManager: Fixed up redirectors for 0 collections in 0.000077 seconds (updated 0 objects)
[2019.04.09-03.35.25:912][  2]LogSlate: Took 0.000345 seconds to synchronously load lazily loaded font '../../../Engine/Content/Slate/Fonts/Roboto-Light.ttf' (167K)
[2019.04.09-03.35.28:736][204]LogSlate: FSceneViewport::OnFocusLost() reason 0
[2019.04.09-03.35.31:813][570]LogSlate: Took 0.000258 seconds to synchronously load lazily loaded font '../../../Engine/Content/Slate/Fonts/Roboto-Light.ttf' (167K)
[2019.04.09-03.35.31:924][570]LogMaterial: Display: Missing cached shader map for material NewBaseFlattenMaterial, compiling. 
[2019.04.09-03.35.32:083][570]LogShaderCompilers: Display: Shaders left to compile 213
[2019.04.09-03.35.32:083][570]LogShaderCompilers: Display: Shaders left to compile 203
[2019.04.09-03.35.32:083][570]LogShaderCompilers: Display: Shaders left to compile 193
[2019.04.09-03.35.32:083][570]LogShaderCompilers: Display: Shaders left to compile 183
[2019.04.09-03.35.32:085][570]LogAIModule: Creating AISystem for world BEDROOM
[2019.04.09-03.35.32:101][570]LogAssetEditorManager: Opening Asset editor for World /Game/BEDROOM.BEDROOM
[2019.04.09-03.35.32:130][570]Cmd: MAP LOAD FILE="D:/Repo/VR-Storytelling-Unreal/Content/BEDROOM.umap" TEMPLATE=0 SHOWPROGRESS=1 FEATURELEVEL=3
[2019.04.09-03.35.32:130][570]LightingResults: New page: Lighting Build
[2019.04.09-03.35.32:131][570]LoadErrors: New page: Loading map: BEDROOM.umap
[2019.04.09-03.35.32:132][570]MapCheck: New page: Map Check
[2019.04.09-03.35.32:132][570]LightingResults: New page: Lighting Build
[2019.04.09-03.35.32:166][570]LogEditorServer: Finished looking for orphan Actors (0.000 secs)
[2019.04.09-03.35.32:217][570]Cmd: MAP CHECKDEP NOCLEARLOG
[2019.04.09-03.35.32:217][570]MapCheck: Map check complete: 0 Error(s), 0 Warning(s), took 0.081ms to complete.
[2019.04.09-03.35.32:217][570]LogFileHelpers: Loading map 'BEDROOM' took 0.089
[2019.04.09-03.35.33:304][680]LogAssetEditorManager: Opening Asset editor for MapBuildDataRegistry /Game/BEDROOM_BuiltData.BEDROOM_BuiltData
[2019.04.09-03.35.34:458][777]LogShaderCompilers: Display: Shaders left to compile 173
[2019.04.09-03.35.34:584][789]LogShaderCompilers: Display: Shaders left to compile 163
[2019.04.09-03.35.34:663][797]LogSlate: Window 'BEDROOM_BuiltData - Generic Asset Editor' being destroyed
[2019.04.09-03.35.34:667][797]LogSlate: Window 'BEDROOM_BuiltData - Generic Asset Editor' being destroyed
[2019.04.09-03.35.34:713][800]LogShaderCompilers: Display: Shaders left to compile 153
[2019.04.09-03.35.35:480][885]LogEditorViewport: Clicking on Actor (LMB): StaticMeshActor (Walls_and_Floor2)
[2019.04.09-03.35.36:351][946]LogShaderCompilers: Display: Shaders left to compile 143
[2019.04.09-03.35.37:041][  2]LogSlate: FSceneViewport::OnFocusLost() reason 0
[2019.04.09-03.35.37:104][  9]LogShaderCompilers: Display: Shaders left to compile 133
[2019.04.09-03.35.37:658][ 37]LogShaderCompilers: Display: Shaders left to compile 123
[2019.04.09-03.35.38:592][ 97]LogShaderCompilers: Display: Shaders left to compile 113
[2019.04.09-03.35.38:740][106]LogShaderCompilers: Display: Shaders left to compile 103
[2019.04.09-03.35.40:977][246]LogShaderCompilers: Display: Shaders left to compile 93
[2019.04.09-03.35.41:064][250]LogShaderCompilers: Display: Shaders left to compile 83
[2019.04.09-03.35.41:407][270]LogShaderCompilers: Display: Shaders left to compile 73
[2019.04.09-03.35.41:750][291]LogShaderCompilers: Display: Shaders left to compile 63
[2019.04.09-03.35.43:852][427]LogShaderCompilers: Display: Shaders left to compile 53
[2019.04.09-03.35.44:170][447]LogShaderCompilers: Display: Shaders left to compile 43
[2019.04.09-03.35.44:809][488]LogShaderCompilers: Display: Shaders left to compile 33
[2019.04.09-03.35.45:571][533]LogShaderCompilers: Display: Shaders left to compile 23
[2019.04.09-03.35.47:028][631]LogShaderCompilers: Display: Shaders left to compile 13
[2019.04.09-03.35.47:062][633]LogShaderCompilers: Display: Shaders left to compile 3
[2019.04.09-03.35.47:081][634]LogEditorViewport: Clicking on Actor (LMB): BP_Sky_Sphere_C (Sky Sphere)
[2019.04.09-03.35.52:996][209]Cmd: TRANSACTION UNDO
[2019.04.09-03.35.52:996][209]LogEditorTransaction: Undo Move Actors
[2019.04.09-03.35.58:119][777]LogSlate: FSceneViewport::OnFocusLost() reason 0
[2019.04.09-03.36.01:338][137]LogNavigationPoint: PostEditMove Clear paths rebuilt
[2019.04.09-03.36.03:956][426]LogNavigationPoint: PostEditMove Clear paths rebuilt
[2019.04.09-03.36.05:431][590]LogSlate: FSceneViewport::OnFocusLost() reason 0
[2019.04.09-03.36.05:532][602]LogTemp: Repeating last play command: Selected Viewport
[2019.04.09-03.36.05:548][602]LogBlueprintUserMessages: Early PlayInEditor Detection: Level '/Game/BEDROOM.BEDROOM:PersistentLevel' has LevelScriptBlueprint '/Game/BEDROOM.BEDROOM:PersistentLevel.BEDROOM' with GeneratedClass '/Game/BEDROOM.BEDROOM_C' with ClassGeneratedBy '/Game/BEDROOM.BEDROOM:PersistentLevel.BEDROOM'
[2019.04.09-03.36.05:548][602]LogPlayLevel: PlayLevel: No blueprints needed recompiling
[2019.04.09-03.36.05:549][602]PIE: New page: PIE session: BEDROOM (Apr 8, 2019, 7:36:05 PM)
[2019.04.09-03.36.05:561][602]LogPlayLevel: Creating play world package: /Game/UEDPIE_0_BEDROOM
[2019.04.09-03.36.05:565][602]LogPlayLevel: PIE: StaticDuplicateObject took: (0.003813s)
[2019.04.09-03.36.05:565][602]LogAIModule: Creating AISystem for world BEDROOM
[2019.04.09-03.36.05:565][602]LogPlayLevel: PIE: World Init took: (0.000553s)
[2019.04.09-03.36.05:565][602]LogPlayLevel: PIE: Created PIE world by copying editor world from /Game/BEDROOM.BEDROOM to /Game/UEDPIE_0_BEDROOM.BEDROOM (0.004577s)
[2019.04.09-03.36.05:603][602]LogInit: XAudio2 using '2D HD LG TV (NVIDIA High Definition Audio)' : 2 channels at 48 kHz using 16 bits per sample (channel mask 0x3)
[2019.04.09-03.36.05:619][602]LogInit: FAudioDevice initialized.
[2019.04.09-03.36.05:664][602]LogLoad: Game class is 'GameModeBase'
[2019.04.09-03.36.05:666][602]LogWorld: Bringing World /Game/UEDPIE_0_BEDROOM.BEDROOM up for play (max tick rate 0) at 2019.04.08-23.36.05
[2019.04.09-03.36.05:666][602]LogWorld: Bringing up level for play took: 0.000775
[2019.04.09-03.36.05:685][602]LogContentBrowser: Native class hierarchy updated for 'MovieSceneCapture' in 0.0003 seconds. Added 20 classes and 0 folders.
[2019.04.09-03.36.05:686][602]PIE: Play in editor start time for /Game/UEDPIE_0_BEDROOM -0.348
[2019.04.09-03.36.05:686][602]LogBlueprintUserMessages: Late PlayInEditor Detection: Level '/Game/BEDROOM.BEDROOM:PersistentLevel' has LevelScriptBlueprint '/Game/BEDROOM.BEDROOM:PersistentLevel.BEDROOM' with GeneratedClass '/Game/BEDROOM.BEDROOM_C' with ClassGeneratedBy '/Game/BEDROOM.BEDROOM:PersistentLevel.BEDROOM'
[2019.04.09-03.36.10:519][175]LogBlueprintUserMessages: Early EndPlayMap Detection: Level '/Game/BEDROOM.BEDROOM:PersistentLevel' has LevelScriptBlueprint '/Game/BEDROOM.BEDROOM:PersistentLevel.BEDROOM' with GeneratedClass '/Game/BEDROOM.BEDROOM_C' with ClassGeneratedBy '/Game/BEDROOM.BEDROOM:PersistentLevel.BEDROOM'
[2019.04.09-03.36.10:519][175]LogSlate: Updating window title bar state: overlay mode, drag disabled, window buttons hidden, title bar hidden
[2019.04.09-03.36.10:549][175]LogPlayLevel: Display: Shutting down PIE online subsystems
[2019.04.09-03.36.10:549][175]LogBlueprintUserMessages: Late EndPlayMap Detection: Level '/Game/BEDROOM.BEDROOM:PersistentLevel' has LevelScriptBlueprint '/Game/BEDROOM.BEDROOM:PersistentLevel.BEDROOM' with GeneratedClass '/Game/BEDROOM.BEDROOM_C' with ClassGeneratedBy '/Game/BEDROOM.BEDROOM:PersistentLevel.BEDROOM'
[2019.04.09-03.36.10:570][175]LogSlate: Updating window title bar state: overlay mode, drag disabled, window buttons hidden, title bar hidden
[2019.04.09-03.36.10:622][180]LogPlayLevel: Display: Destroying online subsystem :Context_3
[2019.04.09-03.36.12:419][390]LogSlate: FSceneViewport::OnFocusLost() reason 2
[2019.04.09-03.36.12:425][390]Cmd: OBJ SAVEPACKAGE PACKAGE="/Game/BEDROOM" FILE="D:/Repo/VR-Storytelling-Unreal/Content/BEDROOM.umap" SILENT=true AUTOSAVING=false KEEPDIRTY=false
[2019.04.09-03.36.12:537][390]LogSavePackage: Moving 'D:/Repo/VR-Storytelling-Unreal/Saved/BEDROOM7F2997F54E0308374EF63DAF08951B76.tmp' to 'D:/Repo/VR-Storytelling-Unreal/Content/BEDROOM.umap'
[2019.04.09-03.36.12:549][390]Cmd: OBJ SAVEPACKAGE PACKAGE="/Game/BEDROOM_BuiltData" FILE="D:/Repo/VR-Storytelling-Unreal/Content/BEDROOM_BuiltData.uasset" SILENT=true
[2019.04.09-03.36.12:564][390]LogSavePackage: Moving 'D:/Repo/VR-Storytelling-Unreal/Saved/BEDROOM_BuiltDataC711044448843A76B08C4A93E79826AC.tmp' to 'D:/Repo/VR-Storytelling-Unreal/Content/BEDROOM_BuiltData.uasset'
[2019.04.09-03.36.14:014][558]LogSlate: FSceneViewport::OnFocusLost() reason 2
[2019.04.09-03.36.33:647][404]LogSlate: FSceneViewport::OnFocusLost() reason 2
